<?xml version="1.0" encoding="UTF-8"?>
<robot generator="Robot 7.0 (Python 3.12.2 on win32)" generated="2024-04-08T11:43:15.085566" rpa="false" schemaversion="5">
<suite id="s1" name="TC1" source="C:\Users\LENOVO\PycharmProjects\RobotFramework_Practice\TestCases\TC1.robot">
<test id="s1-t1" name="LoginTest" line="11">
<kw name="Open Browser" owner="SeleniumLibrary">
<msg time="2024-04-08T11:43:16.175404" level="INFO">Opening browser 'chrome' to base url 'https://demo.nopcommerce.com/'.</msg>
<arg>${url}</arg>
<arg>${browser}</arg>
<doc>Opens a new browser instance to the optional ``url``.</doc>
<status status="PASS" start="2024-04-08T11:43:16.174235" elapsed="12.539493"/>
</kw>
<kw name="loginTpApplication">
<kw name="Click Link" owner="SeleniumLibrary">
<msg time="2024-04-08T11:43:28.733724" level="INFO">Clicking link 'xpath://a[@class='ico-login']'.</msg>
<arg>xpath://a[@class='ico-login']</arg>
<doc>Clicks a link identified by ``locator``.</doc>
<status status="PASS" start="2024-04-08T11:43:28.731725" elapsed="2.836028"/>
</kw>
<kw name="Input Text" owner="SeleniumLibrary">
<msg time="2024-04-08T11:43:31.569756" level="INFO">Typing text 'khushi123testid@gmail.com' into text field 'id:Email'.</msg>
<arg>id:Email</arg>
<arg>khushi123testid@gmail.com</arg>
<doc>Types the given ``text`` into the text field identified by ``locator``.</doc>
<status status="PASS" start="2024-04-08T11:43:31.568754" elapsed="0.600117"/>
</kw>
<kw name="Input Text" owner="SeleniumLibrary">
<msg time="2024-04-08T11:43:32.169871" level="INFO">Typing text 'rajwiney21' into text field 'id:Password'.</msg>
<arg>id:Password</arg>
<arg>rajwiney21</arg>
<doc>Types the given ``text`` into the text field identified by ``locator``.</doc>
<status status="PASS" start="2024-04-08T11:43:32.168871" elapsed="0.458078"/>
</kw>
<kw name="Click Element" owner="SeleniumLibrary">
<msg time="2024-04-08T11:43:32.628934" level="INFO">Clicking element 'xpath://button[@class='button-1 login-button']'.</msg>
<arg>xpath://button[@class='button-1 login-button']</arg>
<doc>Click the element identified by ``locator``.</doc>
<status status="PASS" start="2024-04-08T11:43:32.627945" elapsed="0.775369"/>
</kw>
<status status="PASS" start="2024-04-08T11:43:28.729727" elapsed="4.676571"/>
</kw>
<kw name="Close Browser" owner="SeleniumLibrary">
<doc>Closes the current browser.</doc>
<status status="PASS" start="2024-04-08T11:43:33.415300" elapsed="3.209151"/>
</kw>
<status status="PASS" start="2024-04-08T11:43:16.169612" elapsed="20.457161"/>
</test>
<status status="PASS" start="2024-04-08T11:43:15.091344" elapsed="21.540041"/>
</suite>
<statistics>
<total>
<stat pass="1" fail="0" skip="0">All Tests</stat>
</total>
<tag>
</tag>
<suite>
<stat pass="1" fail="0" skip="0" id="s1" name="TC1">TC1</stat>
</suite>
</statistics>
<errors>
</errors>
</robot>
